INFO:root: =========================== Process started in Mon, 12 Feb 2018 17:29:55 +0000 =========================== 
INFO:root:
 --- Initialization ---
INFO:root:
 --- Loading configs from .ini file --- 

INFO:root:Configuration path: ..\settings\queryCreator.ini
INFO:root: =========================== Process started in Mon, 12 Feb 2018 17:30:22 +0000 =========================== 
INFO:root:
 --- Initialization ---
INFO:root:
 --- Loading configs from .ini file --- 

INFO:root:Configuration path: ../..\settings\queryCreator.ini
INFO:root: ---------- Exported properties ---------- 
INFO:root:	 Query type: INSERT INTO
INFO:root:	 Table name: translation_competitors
INFO:root:	 First Insert code: (sport,loca_id,long_name,english_name)
INFO:root:	 Localization code: 23
INFO:root:	 Output folder: output
INFO:root:	 Source folder: res
INFO:root:	 filename: CsvFile2.csv
INFO:root:------------------------------------------ 
INFO:root:Selected output directory:../..\output
INFO:root:Path of the written file path:../..\output\Inserts20180212173022.txt
INFO:root: =========================== Process started in Mon, 12 Feb 2018 17:31:06 +0000 =========================== 
INFO:root:
 --- Initialization ---
INFO:root:
 --- Loading configs from .ini file --- 

INFO:root:Configuration path: ../..\settings\queryCreator.ini
INFO:root: ---------- Exported properties ---------- 
INFO:root:	 Query type: INSERT INTO
INFO:root:	 Table name: translation_competitors
INFO:root:	 First Insert code: (sport,loca_id,long_name,english_name)
INFO:root:	 Localization code: 23
INFO:root:	 Output folder: output
INFO:root:	 Source folder: res
INFO:root:	 filename: CsvFile2.csv
INFO:root:------------------------------------------ 
INFO:root:Selected output directory:../..\output
INFO:root:Path of the written file path:../..\output\Inserts20180212173106.txt
INFO:root:Extracting the row 0
INFO:root: =========================== Process started in Mon, 12 Feb 2018 17:33:38 +0000 =========================== 
INFO:root:
 --- Initialization ---
INFO:root:
 --- Loading configs from .ini file --- 

INFO:root:Configuration path: ../..\settings\queryCreator.ini
INFO:root: ---------- Exported properties ---------- 
INFO:root:	 Query type: INSERT INTO
INFO:root:	 Table name: translation_competitors
INFO:root:	 First Insert code: (sport,loca_id,long_name,english_name)
INFO:root:	 Localization code: 23
INFO:root:	 Output folder: output
INFO:root:	 Source folder: res
INFO:root:	 filename: CsvFile2.csv
INFO:root:------------------------------------------ 
INFO:root:Selected output directory:../..\output
INFO:root:Path of the written file path:../..\output\Inserts20180212173338.txt
INFO:root: =========================== Process started in Mon, 12 Feb 2018 17:33:51 +0000 =========================== 
INFO:root:
 --- Initialization ---
INFO:root:
 --- Loading configs from .ini file --- 

INFO:root:Configuration path: ../..\settings\queryCreator.ini
INFO:root: ---------- Exported properties ---------- 
INFO:root:	 Query type: INSERT INTO
INFO:root:	 Table name: translation_competitors
INFO:root:	 First Insert code: (sport,loca_id,long_name,english_name)
INFO:root:	 Localization code: 23
INFO:root:	 Output folder: output
INFO:root:	 Source folder: res
INFO:root:	 filename: CsvFile2.csv
INFO:root:------------------------------------------ 
INFO:root:Selected output directory:../..\output
INFO:root:Path of the written file path:../..\output\Inserts20180212173351.txt
INFO:root: =========================== Process started in Mon, 12 Feb 2018 17:34:21 +0000 =========================== 
INFO:root:
 --- Initialization ---
INFO:root:
 --- Loading configs from .ini file --- 

INFO:root:Configuration path: ../..\settings\queryCreator.ini
INFO:root: ---------- Exported properties ---------- 
INFO:root:	 Query type: INSERT INTO
INFO:root:	 Table name: translation_competitors
INFO:root:	 First Insert code: (sport,loca_id,long_name,english_name)
INFO:root:	 Localization code: 23
INFO:root:	 Output folder: output
INFO:root:	 Source folder: res
INFO:root:	 filename: CsvFile2.csv
INFO:root:------------------------------------------ 
INFO:root:Selected output directory:../..\output
INFO:root:Path of the written file path:../..\output\Inserts20180212173421.txt
INFO:root:Extracting the row 0
INFO:root:Extracting the row 1
INFO:root:Extracting the row 2
INFO:root:Extracting the row 3
INFO:root:Extracting the row 4
INFO:root:Extracting the row 5
INFO:root:Extracting the row 6
INFO:root:Extracting the row 7
INFO:root:Extracting the row 8
INFO:root:Extracting the row 9
INFO:root:Extracting the row 10
INFO:root:Extracting the row 11
INFO:root:Extracting the row 12
INFO:root:Extracting the row 13
INFO:root:Extracting the row 14
INFO:root:Extracting the row 15
INFO:root:Extracting the row 16
INFO:root:Extracting the row 17
INFO:root:Extracting the row 18
INFO:root:Extracting the row 19
INFO:root:Extracting the row 20
INFO:root:Extracting the row 21
INFO:root:Extracting the row 22
INFO:root:Extracting the row 23
INFO:root:Extracting the row 24
INFO:root:Extracting the row 25
INFO:root:Extracting the row 26
INFO:root:Extracting the row 27
INFO:root:Extracting the row 28
INFO:root:Extracting the row 29
INFO:root:Extracting the row 30
INFO:root:Extracting the row 31
INFO:root:Extracting the row 32
INFO:root:Extracting the row 33
INFO:root:Extracting the row 34
INFO:root:Extracting the row 35
INFO:root:Extracting the row 36
INFO:root:Extracting the row 37
INFO:root:Extracting the row 38
INFO:root:Extracting the row 39
INFO:root:Extracting the row 40
INFO:root:Extracting the row 41
INFO:root:Extracting the row 42
INFO:root:Extracting the row 43
INFO:root:Extracting the row 44
INFO:root:Extracting the row 45
INFO:root:Extracting the row 46
INFO:root:Extracting the row 47
INFO:root:Extracting the row 48
INFO:root:Extracting the row 49
INFO:root:Extracting the row 50
INFO:root:Extracting the row 51
INFO:root:Extracting the row 52
INFO:root:Extracting the row 53
INFO:root:Extracting the row 54
INFO:root:Extracting the row 55
INFO:root:Extracting the row 56
INFO:root:Extracting the row 57
INFO:root:Extracting the row 58
INFO:root:Extracting the row 59
INFO:root:Extracting the row 60
INFO:root:Extracting the row 61
INFO:root:Extracting the row 62
INFO:root:Extracting the row 63
INFO:root:Extracting the row 64
INFO:root:Extracting the row 65
INFO:root:Extracting the row 66
INFO:root:Extracting the row 67
INFO:root:Extracting the row 68
INFO:root:Extracting the row 69
INFO:root:Extracting the row 70
INFO:root:Extracting the row 71
INFO:root:Extracting the row 72
INFO:root:Extracting the row 73
INFO:root:Extracting the row 74
INFO:root:Extracting the row 75
INFO:root:Extracting the row 76
INFO:root:Extracting the row 77
INFO:root:Extracting the row 78
INFO:root:Extracting the row 79
INFO:root:Extracting the row 80
INFO:root:Extracting the row 81
INFO:root:Extracting the row 82
INFO:root:Extracting the row 83
INFO:root:Extracting the row 84
INFO:root:Extracting the row 85
INFO:root:Extracting the row 86
INFO:root:Extracting the row 87
INFO:root:Extracting the row 88
INFO:root:Extracting the row 89
INFO:root:Extracting the row 90
INFO:root:Extracting the row 91
INFO:root:Extracting the row 92
INFO:root:Extracting the row 93
INFO:root:Extracting the row 94
INFO:root:Extracting the row 95
INFO:root:Extracting the row 96
INFO:root:Extracting the row 97
INFO:root:Extracting the row 98
INFO:root:Extracting the row 99
INFO:root: =========================== Process started in Mon, 12 Feb 2018 17:34:51 +0000 =========================== 
INFO:root:
 --- Initialization ---
INFO:root:
 --- Loading configs from .ini file --- 

INFO:root:Configuration path: ../..\settings\queryCreator.ini
INFO:root: ---------- Exported properties ---------- 
INFO:root:	 Query type: INSERT INTO
INFO:root:	 Table name: translation_competitors
INFO:root:	 First Insert code: (sport,loca_id,long_name,english_name)
INFO:root:	 Localization code: 23
INFO:root:	 Output folder: output
INFO:root:	 Source folder: res
INFO:root:	 filename: CsvFile2.csv
INFO:root:------------------------------------------ 
INFO:root:Selected output directory:../..\output
INFO:root:Path of the written file path:../..\output\Inserts20180212173451.txt
INFO:root:Extracting the row 1
INFO:root:Extracting the row 2
INFO:root:Extracting the row 3
INFO:root:Extracting the row 4
INFO:root:Extracting the row 5
INFO:root:Extracting the row 6
INFO:root:Extracting the row 7
INFO:root:Extracting the row 8
INFO:root:Extracting the row 9
INFO:root:Extracting the row 10
INFO:root:Extracting the row 11
INFO:root:Extracting the row 12
INFO:root:Extracting the row 13
INFO:root:Extracting the row 14
INFO:root:Extracting the row 15
INFO:root:Extracting the row 16
INFO:root:Extracting the row 17
INFO:root:Extracting the row 18
INFO:root:Extracting the row 19
INFO:root:Extracting the row 20
INFO:root:Extracting the row 21
INFO:root:Extracting the row 22
INFO:root:Extracting the row 23
INFO:root:Extracting the row 24
INFO:root:Extracting the row 25
INFO:root:Extracting the row 26
INFO:root:Extracting the row 27
INFO:root:Extracting the row 28
INFO:root:Extracting the row 29
INFO:root:Extracting the row 30
INFO:root:Extracting the row 31
INFO:root:Extracting the row 32
INFO:root:Extracting the row 33
INFO:root:Extracting the row 34
INFO:root:Extracting the row 35
INFO:root:Extracting the row 36
INFO:root:Extracting the row 37
INFO:root:Extracting the row 38
INFO:root:Extracting the row 39
INFO:root:Extracting the row 40
INFO:root:Extracting the row 41
INFO:root:Extracting the row 42
INFO:root:Extracting the row 43
INFO:root:Extracting the row 44
INFO:root:Extracting the row 45
INFO:root:Extracting the row 46
INFO:root:Extracting the row 47
INFO:root:Extracting the row 48
INFO:root:Extracting the row 49
INFO:root:Extracting the row 50
INFO:root:Extracting the row 51
INFO:root:Extracting the row 52
INFO:root:Extracting the row 53
INFO:root:Extracting the row 54
INFO:root:Extracting the row 55
INFO:root:Extracting the row 56
INFO:root:Extracting the row 57
INFO:root:Extracting the row 58
INFO:root:Extracting the row 59
INFO:root:Extracting the row 60
INFO:root:Extracting the row 61
INFO:root:Extracting the row 62
INFO:root:Extracting the row 63
INFO:root:Extracting the row 64
INFO:root:Extracting the row 65
INFO:root:Extracting the row 66
INFO:root:Extracting the row 67
INFO:root:Extracting the row 68
INFO:root:Extracting the row 69
INFO:root:Extracting the row 70
INFO:root:Extracting the row 71
INFO:root:Extracting the row 72
INFO:root:Extracting the row 73
INFO:root:Extracting the row 74
INFO:root:Extracting the row 75
INFO:root:Extracting the row 76
INFO:root:Extracting the row 77
INFO:root:Extracting the row 78
INFO:root:Extracting the row 79
INFO:root:Extracting the row 80
INFO:root:Extracting the row 81
INFO:root:Extracting the row 82
INFO:root:Extracting the row 83
INFO:root:Extracting the row 84
INFO:root:Extracting the row 85
INFO:root:Extracting the row 86
INFO:root:Extracting the row 87
INFO:root:Extracting the row 88
INFO:root:Extracting the row 89
INFO:root:Extracting the row 90
INFO:root:Extracting the row 91
INFO:root:Extracting the row 92
INFO:root:Extracting the row 93
INFO:root:Extracting the row 94
INFO:root:Extracting the row 95
INFO:root:Extracting the row 96
INFO:root:Extracting the row 97
INFO:root:Extracting the row 98
INFO:root:Extracting the row 99
INFO:root: =========================== Process started in Mon, 12 Feb 2018 17:35:26 +0000 =========================== 
INFO:root:
 --- Initialization ---
INFO:root:
 --- Loading configs from .ini file --- 

INFO:root:Configuration path: ../..\settings\queryCreator.ini
INFO:root: ---------- Exported properties ---------- 
INFO:root:	 Query type: INSERT INTO
INFO:root:	 Table name: translation_competitors
INFO:root:	 First Insert code: (sport,loca_id,long_name,english_name)
INFO:root:	 Localization code: 23
INFO:root:	 Output folder: output
INFO:root:	 Source folder: res
INFO:root:	 filename: CsvFile2.csv
INFO:root:------------------------------------------ 
INFO:root:Selected output directory:../..\output
INFO:root:Path of the written file path:../..\output\Inserts20180212173526.txt
INFO:root:Extracting the row 1
INFO:root:Extracting the row 2
INFO:root:Extracting the row 3
INFO:root:Extracting the row 4
INFO:root:Extracting the row 5
INFO:root:Extracting the row 6
INFO:root:Extracting the row 7
INFO:root:Extracting the row 8
INFO:root:Extracting the row 9
INFO:root:Extracting the row 10
INFO:root:Extracting the row 11
INFO:root:Extracting the row 12
INFO:root:Extracting the row 13
INFO:root:Extracting the row 14
INFO:root:Extracting the row 15
INFO:root:Extracting the row 16
INFO:root:Extracting the row 17
INFO:root:Extracting the row 18
INFO:root:Extracting the row 19
INFO:root:Extracting the row 20
INFO:root:Extracting the row 21
INFO:root:Extracting the row 22
INFO:root:Extracting the row 23
INFO:root:Extracting the row 24
INFO:root:Extracting the row 25
INFO:root:Extracting the row 26
INFO:root:Extracting the row 27
INFO:root:Extracting the row 28
INFO:root:Extracting the row 29
INFO:root:Extracting the row 30
INFO:root:Extracting the row 31
INFO:root:Extracting the row 32
INFO:root:Extracting the row 33
INFO:root:Extracting the row 34
INFO:root:Extracting the row 35
INFO:root:Extracting the row 36
INFO:root:Extracting the row 37
INFO:root:Extracting the row 38
INFO:root:Extracting the row 39
INFO:root:Extracting the row 40
INFO:root:Extracting the row 41
INFO:root:Extracting the row 42
INFO:root:Extracting the row 43
INFO:root:Extracting the row 44
INFO:root:Extracting the row 45
INFO:root:Extracting the row 46
INFO:root:Extracting the row 47
INFO:root:Extracting the row 48
INFO:root:Extracting the row 49
INFO:root:Extracting the row 50
INFO:root:Extracting the row 51
INFO:root:Extracting the row 52
INFO:root:Extracting the row 53
INFO:root:Extracting the row 54
INFO:root:Extracting the row 55
INFO:root:Extracting the row 56
INFO:root:Extracting the row 57
INFO:root:Extracting the row 58
INFO:root:Extracting the row 59
INFO:root:Extracting the row 60
INFO:root:Extracting the row 61
INFO:root:Extracting the row 62
INFO:root:Extracting the row 63
INFO:root:Extracting the row 64
INFO:root:Extracting the row 65
INFO:root:Extracting the row 66
INFO:root:Extracting the row 67
INFO:root:Extracting the row 68
INFO:root:Extracting the row 69
INFO:root:Extracting the row 70
INFO:root:Extracting the row 71
INFO:root:Extracting the row 72
INFO:root:Extracting the row 73
INFO:root:Extracting the row 74
INFO:root:Extracting the row 75
INFO:root:Extracting the row 76
INFO:root:Extracting the row 77
INFO:root:Extracting the row 78
INFO:root:Extracting the row 79
INFO:root:Extracting the row 80
INFO:root:Extracting the row 81
INFO:root:Extracting the row 82
INFO:root:Extracting the row 83
INFO:root:Extracting the row 84
INFO:root:Extracting the row 85
INFO:root:Extracting the row 86
INFO:root:Extracting the row 87
INFO:root:Extracting the row 88
INFO:root:Extracting the row 89
INFO:root:Extracting the row 90
INFO:root:Extracting the row 91
INFO:root:Extracting the row 92
INFO:root:Extracting the row 93
INFO:root:Extracting the row 94
INFO:root:Extracting the row 95
INFO:root:Extracting the row 96
INFO:root:Extracting the row 97
INFO:root:Extracting the row 98
INFO:root:Extracting the row 99
INFO:root: =========================== Process started in Mon, 12 Feb 2018 17:36:34 +0000 =========================== 
INFO:root:
 --- Initialization ---
INFO:root:
 --- Loading configs from .ini file --- 

INFO:root:Configuration path: ../..\settings\queryCreator.ini
INFO:root: ---------- Exported properties ---------- 
INFO:root:	 Query type: INSERT INTO
INFO:root:	 Table name: translation_competitors
INFO:root:	 First Insert code: (sport,loca_id,long_name,english_name)
INFO:root:	 Localization code: 23
INFO:root:	 Output folder: output
INFO:root:	 Source folder: res
INFO:root:	 filename: CsvFile2.csv
INFO:root:------------------------------------------ 
INFO:root:Selected output directory:../..\output
INFO:root:Path of the written file path:../..\output\Inserts20180212173634.txt
INFO:root:Extracting the row 1
INFO:root:Extracting the row 2
INFO:root:Extracting the row 3
INFO:root:Extracting the row 4
INFO:root:Extracting the row 5
INFO:root:Extracting the row 6
INFO:root:Extracting the row 7
INFO:root:Extracting the row 8
INFO:root:Extracting the row 9
INFO:root:Extracting the row 10
INFO:root:Extracting the row 11
INFO:root:Extracting the row 12
INFO:root:Extracting the row 13
INFO:root:Extracting the row 14
INFO:root:Extracting the row 15
INFO:root:Extracting the row 16
INFO:root:Extracting the row 17
INFO:root:Extracting the row 18
INFO:root:Extracting the row 19
INFO:root:Extracting the row 20
INFO:root:Extracting the row 21
INFO:root:Extracting the row 22
INFO:root:Extracting the row 23
INFO:root:Extracting the row 24
INFO:root:Extracting the row 25
INFO:root:Extracting the row 26
INFO:root:Extracting the row 27
INFO:root:Extracting the row 28
INFO:root:Extracting the row 29
INFO:root:Extracting the row 30
INFO:root:Extracting the row 31
INFO:root:Extracting the row 32
INFO:root:Extracting the row 33
INFO:root:Extracting the row 34
INFO:root:Extracting the row 35
INFO:root:Extracting the row 36
INFO:root:Extracting the row 37
INFO:root:Extracting the row 38
INFO:root:Extracting the row 39
INFO:root:Extracting the row 40
INFO:root:Extracting the row 41
INFO:root:Extracting the row 42
INFO:root:Extracting the row 43
INFO:root:Extracting the row 44
INFO:root:Extracting the row 45
INFO:root:Extracting the row 46
INFO:root:Extracting the row 47
INFO:root:Extracting the row 48
INFO:root:Extracting the row 49
INFO:root:Extracting the row 50
INFO:root:Extracting the row 51
INFO:root:Extracting the row 52
INFO:root:Extracting the row 53
INFO:root:Extracting the row 54
INFO:root:Extracting the row 55
INFO:root:Extracting the row 56
INFO:root:Extracting the row 57
INFO:root:Extracting the row 58
INFO:root:Extracting the row 59
INFO:root:Extracting the row 60
INFO:root:Extracting the row 61
INFO:root:Extracting the row 62
INFO:root:Extracting the row 63
INFO:root:Extracting the row 64
INFO:root:Extracting the row 65
INFO:root:Extracting the row 66
INFO:root:Extracting the row 67
INFO:root:Extracting the row 68
INFO:root:Extracting the row 69
INFO:root:Extracting the row 70
INFO:root:Extracting the row 71
INFO:root:Extracting the row 72
INFO:root:Extracting the row 73
INFO:root:Extracting the row 74
INFO:root:Extracting the row 75
INFO:root:Extracting the row 76
INFO:root:Extracting the row 77
INFO:root:Extracting the row 78
INFO:root:Extracting the row 79
INFO:root:Extracting the row 80
INFO:root:Extracting the row 81
INFO:root:Extracting the row 82
INFO:root:Extracting the row 83
INFO:root:Extracting the row 84
INFO:root:Extracting the row 85
INFO:root:Extracting the row 86
INFO:root:Extracting the row 87
INFO:root:Extracting the row 88
INFO:root:Extracting the row 89
INFO:root:Extracting the row 90
INFO:root:Extracting the row 91
INFO:root:Extracting the row 92
INFO:root:Extracting the row 93
INFO:root:Extracting the row 94
INFO:root:Extracting the row 95
INFO:root:Extracting the row 96
INFO:root:Extracting the row 97
INFO:root:Extracting the row 98
INFO:root:Extracting the row 99
INFO:root: =========================== Process started in Mon, 12 Feb 2018 17:43:59 +0000 =========================== 
INFO:root:
 --- Initialization ---
INFO:root:
 --- Loading configs from .ini file --- 

INFO:root:Configuration path: ../..\settings\queryCreator.ini
INFO:root: ---------- Exported properties ---------- 
INFO:root:	 Query type: INSERT INTO
INFO:root:	 Table name: translation_competitors
INFO:root:	 First Insert code: (sport,loca_id,long_name,english_name)
INFO:root:	 Localization code: 23
INFO:root:	 Output folder: output
INFO:root:	 Source folder: res
INFO:root:	 filename: CsvFile2.csv
INFO:root:------------------------------------------ 
INFO:root:Selected output directory:../..\output
INFO:root:Path of the written file path:../..\output\Inserts20180212174359.txt
INFO:root:Extracting the row 1
INFO:root:Extracting the row 2
INFO:root:Extracting the row 3
INFO:root:Extracting the row 4
INFO:root:Extracting the row 5
INFO:root:Extracting the row 6
INFO:root:Extracting the row 7
INFO:root:Extracting the row 8
INFO:root:Extracting the row 9
INFO:root:Extracting the row 10
INFO:root:Extracting the row 11
INFO:root:Extracting the row 12
INFO:root:Extracting the row 13
INFO:root:Extracting the row 14
INFO:root:Extracting the row 15
INFO:root:Extracting the row 16
INFO:root:Extracting the row 17
INFO:root:Extracting the row 18
INFO:root:Extracting the row 19
INFO:root:Extracting the row 20
INFO:root:Extracting the row 21
INFO:root:Extracting the row 22
INFO:root:Extracting the row 23
INFO:root:Extracting the row 24
INFO:root:Extracting the row 25
INFO:root:Extracting the row 26
INFO:root:Extracting the row 27
INFO:root:Extracting the row 28
INFO:root:Extracting the row 29
INFO:root:Extracting the row 30
INFO:root:Extracting the row 31
INFO:root:Extracting the row 32
INFO:root:Extracting the row 33
INFO:root:Extracting the row 34
INFO:root:Extracting the row 35
INFO:root:Extracting the row 36
INFO:root:Extracting the row 37
INFO:root:Extracting the row 38
INFO:root:Extracting the row 39
INFO:root:Extracting the row 40
INFO:root:Extracting the row 41
INFO:root:Extracting the row 42
INFO:root:Extracting the row 43
INFO:root:Extracting the row 44
INFO:root:Extracting the row 45
INFO:root:Extracting the row 46
INFO:root:Extracting the row 47
INFO:root:Extracting the row 48
INFO:root:Extracting the row 49
INFO:root:Extracting the row 50
INFO:root:Extracting the row 51
INFO:root:Extracting the row 52
INFO:root:Extracting the row 53
INFO:root:Extracting the row 54
INFO:root:Extracting the row 55
INFO:root:Extracting the row 56
INFO:root:Extracting the row 57
INFO:root:Extracting the row 58
INFO:root:Extracting the row 59
INFO:root:Extracting the row 60
INFO:root:Extracting the row 61
INFO:root:Extracting the row 62
INFO:root:Extracting the row 63
INFO:root:Extracting the row 64
INFO:root:Extracting the row 65
INFO:root:Extracting the row 66
INFO:root:Extracting the row 67
INFO:root:Extracting the row 68
INFO:root:Extracting the row 69
INFO:root:Extracting the row 70
INFO:root:Extracting the row 71
INFO:root:Extracting the row 72
INFO:root:Extracting the row 73
INFO:root:Extracting the row 74
INFO:root:Extracting the row 75
INFO:root:Extracting the row 76
INFO:root:Extracting the row 77
INFO:root:Extracting the row 78
INFO:root:Extracting the row 79
INFO:root:Extracting the row 80
INFO:root:Extracting the row 81
INFO:root:Extracting the row 82
INFO:root:Extracting the row 83
INFO:root:Extracting the row 84
INFO:root:Extracting the row 85
INFO:root:Extracting the row 86
INFO:root:Extracting the row 87
INFO:root:Extracting the row 88
INFO:root:Extracting the row 89
INFO:root:Extracting the row 90
INFO:root:Extracting the row 91
INFO:root:Extracting the row 92
INFO:root:Extracting the row 93
INFO:root:Extracting the row 94
INFO:root:Extracting the row 95
INFO:root:Extracting the row 96
INFO:root:Extracting the row 97
INFO:root:Extracting the row 98
INFO:root:Extracting the row 99
INFO:root: =========================== Process started in Mon, 12 Feb 2018 17:44:16 +0000 =========================== 
INFO:root:
 --- Initialization ---
INFO:root:
 --- Loading configs from .ini file --- 

INFO:root:Configuration path: ../..\settings\queryCreator.ini
INFO:root: ---------- Exported properties ---------- 
INFO:root:	 Query type: INSERT INTO
INFO:root:	 Table name: translation_competitors
INFO:root:	 First Insert code: (sport,loca_id,long_name,english_name)
INFO:root:	 Localization code: 23
INFO:root:	 Output folder: output
INFO:root:	 Source folder: res
INFO:root:	 filename: CsvFile2.csv
INFO:root:------------------------------------------ 
INFO:root:Selected output directory:../..\output
INFO:root:Path of the written file path:../..\output\Inserts20180212174416.txt
INFO:root:Extracting the row 1
INFO:root:Extracting the row 2
INFO:root:Extracting the row 3
INFO:root:Extracting the row 4
INFO:root:Extracting the row 5
INFO:root:Extracting the row 6
INFO:root:Extracting the row 7
INFO:root:Extracting the row 8
INFO:root:Extracting the row 9
INFO:root:Extracting the row 10
INFO:root:Extracting the row 11
INFO:root:Extracting the row 12
INFO:root:Extracting the row 13
INFO:root:Extracting the row 14
INFO:root:Extracting the row 15
INFO:root:Extracting the row 16
INFO:root:Extracting the row 17
INFO:root:Extracting the row 18
INFO:root:Extracting the row 19
INFO:root:Extracting the row 20
INFO:root:Extracting the row 21
INFO:root:Extracting the row 22
INFO:root:Extracting the row 23
INFO:root:Extracting the row 24
INFO:root:Extracting the row 25
INFO:root:Extracting the row 26
INFO:root:Extracting the row 27
INFO:root:Extracting the row 28
INFO:root:Extracting the row 29
INFO:root:Extracting the row 30
INFO:root:Extracting the row 31
INFO:root:Extracting the row 32
INFO:root:Extracting the row 33
INFO:root:Extracting the row 34
INFO:root:Extracting the row 35
INFO:root:Extracting the row 36
INFO:root:Extracting the row 37
INFO:root:Extracting the row 38
INFO:root:Extracting the row 39
INFO:root:Extracting the row 40
INFO:root:Extracting the row 41
INFO:root:Extracting the row 42
INFO:root:Extracting the row 43
INFO:root:Extracting the row 44
INFO:root:Extracting the row 45
INFO:root:Extracting the row 46
INFO:root:Extracting the row 47
INFO:root:Extracting the row 48
INFO:root:Extracting the row 49
INFO:root:Extracting the row 50
INFO:root:Extracting the row 51
INFO:root:Extracting the row 52
INFO:root:Extracting the row 53
INFO:root:Extracting the row 54
INFO:root:Extracting the row 55
INFO:root:Extracting the row 56
INFO:root:Extracting the row 57
INFO:root:Extracting the row 58
INFO:root:Extracting the row 59
INFO:root:Extracting the row 60
INFO:root:Extracting the row 61
INFO:root:Extracting the row 62
INFO:root:Extracting the row 63
INFO:root:Extracting the row 64
INFO:root:Extracting the row 65
INFO:root:Extracting the row 66
INFO:root:Extracting the row 67
INFO:root:Extracting the row 68
INFO:root:Extracting the row 69
INFO:root:Extracting the row 70
INFO:root:Extracting the row 71
INFO:root:Extracting the row 72
INFO:root:Extracting the row 73
INFO:root:Extracting the row 74
INFO:root:Extracting the row 75
INFO:root:Extracting the row 76
INFO:root:Extracting the row 77
INFO:root:Extracting the row 78
INFO:root:Extracting the row 79
INFO:root:Extracting the row 80
INFO:root:Extracting the row 81
INFO:root:Extracting the row 82
INFO:root:Extracting the row 83
INFO:root:Extracting the row 84
INFO:root:Extracting the row 85
INFO:root:Extracting the row 86
INFO:root:Extracting the row 87
INFO:root:Extracting the row 88
INFO:root:Extracting the row 89
INFO:root:Extracting the row 90
INFO:root:Extracting the row 91
INFO:root:Extracting the row 92
INFO:root:Extracting the row 93
INFO:root:Extracting the row 94
INFO:root:Extracting the row 95
INFO:root:Extracting the row 96
INFO:root:Extracting the row 97
INFO:root:Extracting the row 98
INFO:root:Extracting the row 99
INFO:root: =========================== Process started in Mon, 12 Feb 2018 17:44:37 +0000 =========================== 
INFO:root:
 --- Initialization ---
INFO:root:
 --- Loading configs from .ini file --- 

INFO:root:Configuration path: ../..\settings\queryCreator.ini
INFO:root: ---------- Exported properties ---------- 
INFO:root:	 Query type: INSERT INTO
INFO:root:	 Table name: translation_competitors
INFO:root:	 First Insert code: (sport,loca_id,long_name,english_name)
INFO:root:	 Localization code: 23
INFO:root:	 Output folder: output
INFO:root:	 Source folder: res
INFO:root:	 filename: CsvFile2.csv
INFO:root:------------------------------------------ 
INFO:root:Selected output directory:../..\output
INFO:root:Path of the written file path:../..\output\Inserts20180212174437.txt
INFO:root:Extracting the row 1
INFO:root:Extracting the row 2
INFO:root:Extracting the row 3
INFO:root:Extracting the row 4
INFO:root:Extracting the row 5
INFO:root:Extracting the row 6
INFO:root:Extracting the row 7
INFO:root:Extracting the row 8
INFO:root:Extracting the row 9
INFO:root:Extracting the row 10
INFO:root:Extracting the row 11
INFO:root:Extracting the row 12
INFO:root:Extracting the row 13
INFO:root:Extracting the row 14
INFO:root:Extracting the row 15
INFO:root:Extracting the row 16
INFO:root:Extracting the row 17
INFO:root:Extracting the row 18
INFO:root:Extracting the row 19
INFO:root:Extracting the row 20
INFO:root:Extracting the row 21
INFO:root:Extracting the row 22
INFO:root:Extracting the row 23
INFO:root:Extracting the row 24
INFO:root:Extracting the row 25
INFO:root:Extracting the row 26
INFO:root:Extracting the row 27
INFO:root:Extracting the row 28
INFO:root:Extracting the row 29
INFO:root:Extracting the row 30
INFO:root:Extracting the row 31
INFO:root:Extracting the row 32
INFO:root:Extracting the row 33
INFO:root:Extracting the row 34
INFO:root:Extracting the row 35
INFO:root:Extracting the row 36
INFO:root:Extracting the row 37
INFO:root:Extracting the row 38
INFO:root:Extracting the row 39
INFO:root:Extracting the row 40
INFO:root:Extracting the row 41
INFO:root:Extracting the row 42
INFO:root:Extracting the row 43
INFO:root:Extracting the row 44
INFO:root:Extracting the row 45
INFO:root:Extracting the row 46
INFO:root:Extracting the row 47
INFO:root:Extracting the row 48
INFO:root:Extracting the row 49
INFO:root:Extracting the row 50
INFO:root:Extracting the row 51
INFO:root:Extracting the row 52
INFO:root:Extracting the row 53
INFO:root:Extracting the row 54
INFO:root:Extracting the row 55
INFO:root:Extracting the row 56
INFO:root:Extracting the row 57
INFO:root:Extracting the row 58
INFO:root:Extracting the row 59
INFO:root:Extracting the row 60
INFO:root:Extracting the row 61
INFO:root:Extracting the row 62
INFO:root:Extracting the row 63
INFO:root:Extracting the row 64
INFO:root:Extracting the row 65
INFO:root:Extracting the row 66
INFO:root:Extracting the row 67
INFO:root:Extracting the row 68
INFO:root:Extracting the row 69
INFO:root:Extracting the row 70
INFO:root:Extracting the row 71
INFO:root:Extracting the row 72
INFO:root:Extracting the row 73
INFO:root:Extracting the row 74
INFO:root:Extracting the row 75
INFO:root:Extracting the row 76
INFO:root:Extracting the row 77
INFO:root:Extracting the row 78
INFO:root:Extracting the row 79
INFO:root:Extracting the row 80
INFO:root:Extracting the row 81
INFO:root:Extracting the row 82
INFO:root:Extracting the row 83
INFO:root:Extracting the row 84
INFO:root:Extracting the row 85
INFO:root:Extracting the row 86
INFO:root:Extracting the row 87
INFO:root:Extracting the row 88
INFO:root:Extracting the row 89
INFO:root:Extracting the row 90
INFO:root:Extracting the row 91
INFO:root:Extracting the row 92
INFO:root:Extracting the row 93
INFO:root:Extracting the row 94
INFO:root:Extracting the row 95
INFO:root:Extracting the row 96
INFO:root:Extracting the row 97
INFO:root:Extracting the row 98
INFO:root:Extracting the row 99
INFO:root: =========================== Process started in Mon, 12 Feb 2018 17:44:37 +0000 =========================== 
INFO:root:
 --- Initialization ---
INFO:root:
 --- Loading configs from .ini file --- 

INFO:root:Configuration path: ../..\settings\queryCreator.ini
INFO:root: ---------- Exported properties ---------- 
INFO:root:	 Query type: INSERT INTO
INFO:root:	 Table name: translation_competitors
INFO:root:	 First Insert code: (sport,loca_id,long_name,english_name)
INFO:root:	 Localization code: 23
INFO:root:	 Output folder: output
INFO:root:	 Source folder: res
INFO:root:	 filename: CsvFile2.csv
INFO:root:------------------------------------------ 
INFO:root:Selected output directory:../..\output
INFO:root:Path of the written file path:../..\output\Inserts20180212174437.txt
INFO:root:Extracting the row 1
INFO:root:Extracting the row 2
INFO:root:Extracting the row 3
INFO:root:Extracting the row 4
INFO:root:Extracting the row 5
INFO:root:Extracting the row 6
INFO:root:Extracting the row 7
INFO:root:Extracting the row 8
INFO:root:Extracting the row 9
INFO:root:Extracting the row 10
INFO:root:Extracting the row 11
INFO:root:Extracting the row 12
INFO:root:Extracting the row 13
INFO:root:Extracting the row 14
INFO:root:Extracting the row 15
INFO:root:Extracting the row 16
INFO:root:Extracting the row 17
INFO:root:Extracting the row 18
INFO:root:Extracting the row 19
INFO:root:Extracting the row 20
INFO:root:Extracting the row 21
INFO:root:Extracting the row 22
INFO:root:Extracting the row 23
INFO:root:Extracting the row 24
INFO:root:Extracting the row 25
INFO:root:Extracting the row 26
INFO:root:Extracting the row 27
INFO:root:Extracting the row 28
INFO:root:Extracting the row 29
INFO:root:Extracting the row 30
INFO:root:Extracting the row 31
INFO:root:Extracting the row 32
INFO:root:Extracting the row 33
INFO:root:Extracting the row 34
INFO:root:Extracting the row 35
INFO:root:Extracting the row 36
INFO:root:Extracting the row 37
INFO:root:Extracting the row 38
INFO:root:Extracting the row 39
INFO:root:Extracting the row 40
INFO:root:Extracting the row 41
INFO:root:Extracting the row 42
INFO:root:Extracting the row 43
INFO:root:Extracting the row 44
INFO:root:Extracting the row 45
INFO:root:Extracting the row 46
INFO:root:Extracting the row 47
INFO:root:Extracting the row 48
INFO:root:Extracting the row 49
INFO:root:Extracting the row 50
INFO:root:Extracting the row 51
INFO:root:Extracting the row 52
INFO:root:Extracting the row 53
INFO:root:Extracting the row 54
INFO:root:Extracting the row 55
INFO:root:Extracting the row 56
INFO:root:Extracting the row 57
INFO:root:Extracting the row 58
INFO:root:Extracting the row 59
INFO:root:Extracting the row 60
INFO:root:Extracting the row 61
INFO:root:Extracting the row 62
INFO:root:Extracting the row 63
INFO:root:Extracting the row 64
INFO:root:Extracting the row 65
INFO:root:Extracting the row 66
INFO:root:Extracting the row 67
INFO:root:Extracting the row 68
INFO:root:Extracting the row 69
INFO:root:Extracting the row 70
INFO:root:Extracting the row 71
INFO:root:Extracting the row 72
INFO:root:Extracting the row 73
INFO:root:Extracting the row 74
INFO:root:Extracting the row 75
INFO:root:Extracting the row 76
INFO:root:Extracting the row 77
INFO:root:Extracting the row 78
INFO:root:Extracting the row 79
INFO:root:Extracting the row 80
INFO:root:Extracting the row 81
INFO:root:Extracting the row 82
INFO:root:Extracting the row 83
INFO:root:Extracting the row 84
INFO:root:Extracting the row 85
INFO:root:Extracting the row 86
INFO:root:Extracting the row 87
INFO:root:Extracting the row 88
INFO:root:Extracting the row 89
INFO:root:Extracting the row 90
INFO:root:Extracting the row 91
INFO:root:Extracting the row 92
INFO:root:Extracting the row 93
INFO:root:Extracting the row 94
INFO:root:Extracting the row 95
INFO:root:Extracting the row 96
INFO:root:Extracting the row 97
INFO:root:Extracting the row 98
INFO:root:Extracting the row 99
INFO:root: =========================== Process started in Mon, 12 Feb 2018 17:44:51 +0000 =========================== 
INFO:root:
 --- Initialization ---
INFO:root:
 --- Loading configs from .ini file --- 

INFO:root:Configuration path: ../..\settings\queryCreator.ini
INFO:root: ---------- Exported properties ---------- 
INFO:root:	 Query type: INSERT INTO
INFO:root:	 Table name: translation_competitors
INFO:root:	 First Insert code: (sport,loca_id,long_name,english_name)
INFO:root:	 Localization code: 23
INFO:root:	 Output folder: output
INFO:root:	 Source folder: res
INFO:root:	 filename: CsvFile2.csv
INFO:root:------------------------------------------ 
INFO:root:Selected output directory:../..\output
INFO:root:Path of the written file path:../..\output\Inserts20180212174451.txt
INFO:root:Extracting the row 1
INFO:root:Extracting the row 2
INFO:root:Extracting the row 3
INFO:root:Extracting the row 4
INFO:root:Extracting the row 5
INFO:root:Extracting the row 6
INFO:root:Extracting the row 7
INFO:root:Extracting the row 8
INFO:root:Extracting the row 9
INFO:root:Extracting the row 10
INFO:root:Extracting the row 11
INFO:root:Extracting the row 12
INFO:root:Extracting the row 13
INFO:root:Extracting the row 14
INFO:root:Extracting the row 15
INFO:root:Extracting the row 16
INFO:root:Extracting the row 17
INFO:root:Extracting the row 18
INFO:root:Extracting the row 19
INFO:root:Extracting the row 20
INFO:root:Extracting the row 21
INFO:root:Extracting the row 22
INFO:root:Extracting the row 23
INFO:root:Extracting the row 24
INFO:root:Extracting the row 25
INFO:root:Extracting the row 26
INFO:root:Extracting the row 27
INFO:root:Extracting the row 28
INFO:root:Extracting the row 29
INFO:root:Extracting the row 30
INFO:root:Extracting the row 31
INFO:root:Extracting the row 32
INFO:root:Extracting the row 33
INFO:root:Extracting the row 34
INFO:root:Extracting the row 35
INFO:root:Extracting the row 36
INFO:root:Extracting the row 37
INFO:root:Extracting the row 38
INFO:root:Extracting the row 39
INFO:root:Extracting the row 40
INFO:root:Extracting the row 41
INFO:root:Extracting the row 42
INFO:root:Extracting the row 43
INFO:root:Extracting the row 44
INFO:root:Extracting the row 45
INFO:root:Extracting the row 46
INFO:root:Extracting the row 47
INFO:root:Extracting the row 48
INFO:root:Extracting the row 49
INFO:root:Extracting the row 50
INFO:root:Extracting the row 51
INFO:root:Extracting the row 52
INFO:root:Extracting the row 53
INFO:root:Extracting the row 54
INFO:root:Extracting the row 55
INFO:root:Extracting the row 56
INFO:root:Extracting the row 57
INFO:root:Extracting the row 58
INFO:root:Extracting the row 59
INFO:root:Extracting the row 60
INFO:root:Extracting the row 61
INFO:root:Extracting the row 62
INFO:root:Extracting the row 63
INFO:root:Extracting the row 64
INFO:root:Extracting the row 65
INFO:root:Extracting the row 66
INFO:root:Extracting the row 67
INFO:root:Extracting the row 68
INFO:root:Extracting the row 69
INFO:root:Extracting the row 70
INFO:root:Extracting the row 71
INFO:root:Extracting the row 72
INFO:root:Extracting the row 73
INFO:root:Extracting the row 74
INFO:root:Extracting the row 75
INFO:root:Extracting the row 76
INFO:root:Extracting the row 77
INFO:root:Extracting the row 78
INFO:root:Extracting the row 79
INFO:root:Extracting the row 80
INFO:root:Extracting the row 81
INFO:root:Extracting the row 82
INFO:root:Extracting the row 83
INFO:root:Extracting the row 84
INFO:root:Extracting the row 85
INFO:root:Extracting the row 86
INFO:root:Extracting the row 87
INFO:root:Extracting the row 88
INFO:root:Extracting the row 89
INFO:root:Extracting the row 90
INFO:root:Extracting the row 91
INFO:root:Extracting the row 92
INFO:root:Extracting the row 93
INFO:root:Extracting the row 94
INFO:root:Extracting the row 95
INFO:root:Extracting the row 96
INFO:root:Extracting the row 97
INFO:root:Extracting the row 98
INFO:root:Extracting the row 99
INFO:root: =========================== Process started in Mon, 12 Feb 2018 17:45:25 +0000 =========================== 
INFO:root:
 --- Initialization ---
INFO:root:
 --- Loading configs from .ini file --- 

INFO:root:Configuration path: ../..\settings\queryCreator.ini
INFO:root: ---------- Exported properties ---------- 
INFO:root:	 Query type: INSERT INTO
INFO:root:	 Table name: translation_competitors
INFO:root:	 First Insert code: (sport,loca_id,long_name,english_name)
INFO:root:	 Localization code: 23
INFO:root:	 Output folder: output
INFO:root:	 Source folder: res
INFO:root:	 filename: CsvFile2.csv
INFO:root:------------------------------------------ 
INFO:root:Selected output directory:../..\output
INFO:root:Path of the written file path:../..\output\Inserts20180212174525.txt
INFO:root:Extracting the row 1
INFO:root:Extracting the row 2
INFO:root:Extracting the row 3
INFO:root:Extracting the row 4
INFO:root:Extracting the row 5
INFO:root:Extracting the row 6
INFO:root:Extracting the row 7
INFO:root:Extracting the row 8
INFO:root:Extracting the row 9
INFO:root:Extracting the row 10
INFO:root:Extracting the row 11
INFO:root:Extracting the row 12
INFO:root:Extracting the row 13
INFO:root:Extracting the row 14
INFO:root:Extracting the row 15
INFO:root:Extracting the row 16
INFO:root:Extracting the row 17
INFO:root:Extracting the row 18
INFO:root:Extracting the row 19
INFO:root:Extracting the row 20
INFO:root:Extracting the row 21
INFO:root:Extracting the row 22
INFO:root:Extracting the row 23
INFO:root:Extracting the row 24
INFO:root:Extracting the row 25
INFO:root:Extracting the row 26
INFO:root:Extracting the row 27
INFO:root:Extracting the row 28
INFO:root:Extracting the row 29
INFO:root:Extracting the row 30
INFO:root:Extracting the row 31
INFO:root:Extracting the row 32
INFO:root:Extracting the row 33
INFO:root:Extracting the row 34
INFO:root:Extracting the row 35
INFO:root:Extracting the row 36
INFO:root:Extracting the row 37
INFO:root:Extracting the row 38
INFO:root:Extracting the row 39
INFO:root:Extracting the row 40
INFO:root:Extracting the row 41
INFO:root:Extracting the row 42
INFO:root:Extracting the row 43
INFO:root:Extracting the row 44
INFO:root:Extracting the row 45
INFO:root:Extracting the row 46
INFO:root:Extracting the row 47
INFO:root:Extracting the row 48
INFO:root:Extracting the row 49
INFO:root:Extracting the row 50
INFO:root:Extracting the row 51
INFO:root:Extracting the row 52
INFO:root:Extracting the row 53
INFO:root:Extracting the row 54
INFO:root:Extracting the row 55
INFO:root:Extracting the row 56
INFO:root:Extracting the row 57
INFO:root:Extracting the row 58
INFO:root:Extracting the row 59
INFO:root:Extracting the row 60
INFO:root:Extracting the row 61
INFO:root:Extracting the row 62
INFO:root:Extracting the row 63
INFO:root:Extracting the row 64
INFO:root:Extracting the row 65
INFO:root:Extracting the row 66
INFO:root:Extracting the row 67
INFO:root:Extracting the row 68
INFO:root:Extracting the row 69
INFO:root:Extracting the row 70
INFO:root:Extracting the row 71
INFO:root:Extracting the row 72
INFO:root:Extracting the row 73
INFO:root:Extracting the row 74
INFO:root:Extracting the row 75
INFO:root:Extracting the row 76
INFO:root:Extracting the row 77
INFO:root:Extracting the row 78
INFO:root:Extracting the row 79
INFO:root:Extracting the row 80
INFO:root:Extracting the row 81
INFO:root:Extracting the row 82
INFO:root:Extracting the row 83
INFO:root:Extracting the row 84
INFO:root:Extracting the row 85
INFO:root:Extracting the row 86
INFO:root:Extracting the row 87
INFO:root:Extracting the row 88
INFO:root:Extracting the row 89
INFO:root:Extracting the row 90
INFO:root:Extracting the row 91
INFO:root:Extracting the row 92
INFO:root:Extracting the row 93
INFO:root:Extracting the row 94
INFO:root:Extracting the row 95
INFO:root:Extracting the row 96
INFO:root:Extracting the row 97
INFO:root:Extracting the row 98
INFO:root:Extracting the row 99
INFO:root: =========================== Process started in Mon, 12 Feb 2018 17:46:06 +0000 =========================== 
INFO:root:
 --- Initialization ---
INFO:root:
 --- Loading configs from .ini file --- 

INFO:root:Configuration path: ../..\settings\queryCreator.ini
INFO:root: ---------- Exported properties ---------- 
INFO:root:	 Query type: INSERT INTO
INFO:root:	 Table name: translation_competitors
INFO:root:	 First Insert code: (sport,loca_id,long_name,english_name)
INFO:root:	 Localization code: 23
INFO:root:	 Output folder: output
INFO:root:	 Source folder: res
INFO:root:	 filename: CsvFile2.csv
INFO:root:------------------------------------------ 
INFO:root:Selected output directory:../..\output
INFO:root:Path of the written file path:../..\output\Inserts20180212174606.txt
INFO:root:Extracting the row 1
INFO:root:Extracting the row 2
INFO:root:Extracting the row 3
INFO:root:Extracting the row 4
INFO:root:Extracting the row 5
INFO:root:Extracting the row 6
INFO:root:Extracting the row 7
INFO:root:Extracting the row 8
INFO:root:Extracting the row 9
INFO:root:Extracting the row 10
INFO:root:Extracting the row 11
INFO:root:Extracting the row 12
INFO:root:Extracting the row 13
INFO:root:Extracting the row 14
INFO:root:Extracting the row 15
INFO:root:Extracting the row 16
INFO:root:Extracting the row 17
INFO:root:Extracting the row 18
INFO:root:Extracting the row 19
INFO:root:Extracting the row 20
INFO:root:Extracting the row 21
INFO:root:Extracting the row 22
INFO:root:Extracting the row 23
INFO:root:Extracting the row 24
INFO:root:Extracting the row 25
INFO:root:Extracting the row 26
INFO:root:Extracting the row 27
INFO:root:Extracting the row 28
INFO:root:Extracting the row 29
INFO:root:Extracting the row 30
INFO:root:Extracting the row 31
INFO:root:Extracting the row 32
INFO:root:Extracting the row 33
INFO:root:Extracting the row 34
INFO:root:Extracting the row 35
INFO:root:Extracting the row 36
INFO:root:Extracting the row 37
INFO:root:Extracting the row 38
INFO:root:Extracting the row 39
INFO:root:Extracting the row 40
INFO:root:Extracting the row 41
INFO:root:Extracting the row 42
INFO:root:Extracting the row 43
INFO:root:Extracting the row 44
INFO:root:Extracting the row 45
INFO:root:Extracting the row 46
INFO:root:Extracting the row 47
INFO:root:Extracting the row 48
INFO:root:Extracting the row 49
INFO:root:Extracting the row 50
INFO:root:Extracting the row 51
INFO:root:Extracting the row 52
INFO:root:Extracting the row 53
INFO:root:Extracting the row 54
INFO:root:Extracting the row 55
INFO:root:Extracting the row 56
INFO:root:Extracting the row 57
INFO:root:Extracting the row 58
INFO:root:Extracting the row 59
INFO:root:Extracting the row 60
INFO:root:Extracting the row 61
INFO:root:Extracting the row 62
INFO:root:Extracting the row 63
INFO:root:Extracting the row 64
INFO:root:Extracting the row 65
INFO:root:Extracting the row 66
INFO:root:Extracting the row 67
INFO:root:Extracting the row 68
INFO:root:Extracting the row 69
INFO:root:Extracting the row 70
INFO:root:Extracting the row 71
INFO:root:Extracting the row 72
INFO:root:Extracting the row 73
INFO:root:Extracting the row 74
INFO:root:Extracting the row 75
INFO:root:Extracting the row 76
INFO:root:Extracting the row 77
INFO:root:Extracting the row 78
INFO:root:Extracting the row 79
INFO:root:Extracting the row 80
INFO:root:Extracting the row 81
INFO:root:Extracting the row 82
INFO:root:Extracting the row 83
INFO:root:Extracting the row 84
INFO:root:Extracting the row 85
INFO:root:Extracting the row 86
INFO:root:Extracting the row 87
INFO:root:Extracting the row 88
INFO:root:Extracting the row 89
INFO:root:Extracting the row 90
INFO:root:Extracting the row 91
INFO:root:Extracting the row 92
INFO:root:Extracting the row 93
INFO:root:Extracting the row 94
INFO:root:Extracting the row 95
INFO:root:Extracting the row 96
INFO:root:Extracting the row 97
INFO:root:Extracting the row 98
INFO:root:Extracting the row 99
INFO:root: =========================== Process started in Mon, 12 Feb 2018 17:46:27 +0000 =========================== 
INFO:root:
 --- Initialization ---
INFO:root:
 --- Loading configs from .ini file --- 

INFO:root:Configuration path: ../..\settings\queryCreator.ini
INFO:root: ---------- Exported properties ---------- 
INFO:root:	 Query type: INSERT INTO
INFO:root:	 Table name: translation_competitors
INFO:root:	 First Insert code: (sport,loca_id,long_name,english_name)
INFO:root:	 Localization code: 23
INFO:root:	 Output folder: output
INFO:root:	 Source folder: res
INFO:root:	 filename: CsvFile2.csv
INFO:root:------------------------------------------ 
INFO:root:Selected output directory:../..\output
INFO:root:Path of the written file path:../..\output\Inserts20180212174627.txt
INFO:root:Extracting the row 1
INFO:root:Extracting the row 2
INFO:root:Extracting the row 3
INFO:root:Extracting the row 4
INFO:root:Extracting the row 5
INFO:root:Extracting the row 6
INFO:root:Extracting the row 7
INFO:root:Extracting the row 8
INFO:root:Extracting the row 9
INFO:root:Extracting the row 10
INFO:root:Extracting the row 11
INFO:root:Extracting the row 12
INFO:root:Extracting the row 13
INFO:root:Extracting the row 14
INFO:root:Extracting the row 15
INFO:root:Extracting the row 16
INFO:root:Extracting the row 17
INFO:root:Extracting the row 18
INFO:root:Extracting the row 19
INFO:root:Extracting the row 20
INFO:root:Extracting the row 21
INFO:root:Extracting the row 22
INFO:root:Extracting the row 23
INFO:root:Extracting the row 24
INFO:root:Extracting the row 25
INFO:root:Extracting the row 26
INFO:root:Extracting the row 27
INFO:root:Extracting the row 28
INFO:root:Extracting the row 29
INFO:root:Extracting the row 30
INFO:root:Extracting the row 31
INFO:root:Extracting the row 32
INFO:root:Extracting the row 33
INFO:root:Extracting the row 34
INFO:root:Extracting the row 35
INFO:root:Extracting the row 36
INFO:root:Extracting the row 37
INFO:root:Extracting the row 38
INFO:root:Extracting the row 39
INFO:root:Extracting the row 40
INFO:root:Extracting the row 41
INFO:root:Extracting the row 42
INFO:root:Extracting the row 43
INFO:root:Extracting the row 44
INFO:root:Extracting the row 45
INFO:root:Extracting the row 46
INFO:root:Extracting the row 47
INFO:root:Extracting the row 48
INFO:root:Extracting the row 49
INFO:root:Extracting the row 50
INFO:root:Extracting the row 51
INFO:root:Extracting the row 52
INFO:root:Extracting the row 53
INFO:root:Extracting the row 54
INFO:root:Extracting the row 55
INFO:root:Extracting the row 56
INFO:root:Extracting the row 57
INFO:root:Extracting the row 58
INFO:root:Extracting the row 59
INFO:root:Extracting the row 60
INFO:root:Extracting the row 61
INFO:root:Extracting the row 62
INFO:root:Extracting the row 63
INFO:root:Extracting the row 64
INFO:root:Extracting the row 65
INFO:root:Extracting the row 66
INFO:root:Extracting the row 67
INFO:root:Extracting the row 68
INFO:root:Extracting the row 69
INFO:root:Extracting the row 70
INFO:root:Extracting the row 71
INFO:root:Extracting the row 72
INFO:root:Extracting the row 73
INFO:root:Extracting the row 74
INFO:root:Extracting the row 75
INFO:root:Extracting the row 76
INFO:root:Extracting the row 77
INFO:root:Extracting the row 78
INFO:root:Extracting the row 79
INFO:root:Extracting the row 80
INFO:root:Extracting the row 81
INFO:root:Extracting the row 82
INFO:root:Extracting the row 83
INFO:root:Extracting the row 84
INFO:root:Extracting the row 85
INFO:root:Extracting the row 86
INFO:root:Extracting the row 87
INFO:root:Extracting the row 88
INFO:root:Extracting the row 89
INFO:root:Extracting the row 90
INFO:root:Extracting the row 91
INFO:root:Extracting the row 92
INFO:root:Extracting the row 93
INFO:root:Extracting the row 94
INFO:root:Extracting the row 95
INFO:root:Extracting the row 96
INFO:root:Extracting the row 97
INFO:root:Extracting the row 98
INFO:root:Extracting the row 99
INFO:root: =========================== Process started in Mon, 12 Feb 2018 17:47:37 +0000 =========================== 
INFO:root:
 --- Initialization ---
INFO:root:
 --- Loading configs from .ini file --- 

INFO:root:Configuration path: ../..\settings\queryCreator.ini
INFO:root: ---------- Exported properties ---------- 
INFO:root:	 Query type: INSERT INTO
INFO:root:	 Table name: translation_competitors
INFO:root:	 First Insert code: (sport,loca_id,long_name,english_name)
INFO:root:	 Localization code: 23
INFO:root:	 Output folder: output
INFO:root:	 Source folder: res
INFO:root:	 filename: CsvFile2.csv
INFO:root:------------------------------------------ 
INFO:root:Selected output directory:../..\output
INFO:root:Path of the written file path:../..\output\Inserts20180212174737.txt
INFO:root:Extracting the row 1
INFO:root:Extracting the row 2
INFO:root:Extracting the row 3
INFO:root:Extracting the row 4
INFO:root:Extracting the row 5
INFO:root:Extracting the row 6
INFO:root:Extracting the row 7
INFO:root:Extracting the row 8
INFO:root:Extracting the row 9
INFO:root:Extracting the row 10
INFO:root:Extracting the row 11
INFO:root:Extracting the row 12
INFO:root:Extracting the row 13
INFO:root:Extracting the row 14
INFO:root:Extracting the row 15
INFO:root:Extracting the row 16
INFO:root:Extracting the row 17
INFO:root:Extracting the row 18
INFO:root:Extracting the row 19
INFO:root:Extracting the row 20
INFO:root:Extracting the row 21
INFO:root:Extracting the row 22
INFO:root:Extracting the row 23
INFO:root:Extracting the row 24
INFO:root:Extracting the row 25
INFO:root:Extracting the row 26
INFO:root:Extracting the row 27
INFO:root:Extracting the row 28
INFO:root:Extracting the row 29
INFO:root:Extracting the row 30
INFO:root:Extracting the row 31
INFO:root:Extracting the row 32
INFO:root:Extracting the row 33
INFO:root:Extracting the row 34
INFO:root:Extracting the row 35
INFO:root:Extracting the row 36
INFO:root:Extracting the row 37
INFO:root:Extracting the row 38
INFO:root:Extracting the row 39
INFO:root:Extracting the row 40
INFO:root:Extracting the row 41
INFO:root:Extracting the row 42
INFO:root:Extracting the row 43
INFO:root:Extracting the row 44
INFO:root:Extracting the row 45
INFO:root:Extracting the row 46
INFO:root:Extracting the row 47
INFO:root:Extracting the row 48
INFO:root:Extracting the row 49
INFO:root:Extracting the row 50
INFO:root:Extracting the row 51
INFO:root:Extracting the row 52
INFO:root:Extracting the row 53
INFO:root:Extracting the row 54
INFO:root:Extracting the row 55
INFO:root:Extracting the row 56
INFO:root:Extracting the row 57
INFO:root:Extracting the row 58
INFO:root:Extracting the row 59
INFO:root:Extracting the row 60
INFO:root:Extracting the row 61
INFO:root:Extracting the row 62
INFO:root:Extracting the row 63
INFO:root:Extracting the row 64
INFO:root:Extracting the row 65
INFO:root:Extracting the row 66
INFO:root:Extracting the row 67
INFO:root:Extracting the row 68
INFO:root:Extracting the row 69
INFO:root:Extracting the row 70
INFO:root:Extracting the row 71
INFO:root:Extracting the row 72
INFO:root:Extracting the row 73
INFO:root:Extracting the row 74
INFO:root:Extracting the row 75
INFO:root:Extracting the row 76
INFO:root:Extracting the row 77
INFO:root:Extracting the row 78
INFO:root:Extracting the row 79
INFO:root:Extracting the row 80
INFO:root:Extracting the row 81
INFO:root:Extracting the row 82
INFO:root:Extracting the row 83
INFO:root:Extracting the row 84
INFO:root:Extracting the row 85
INFO:root:Extracting the row 86
INFO:root:Extracting the row 87
INFO:root:Extracting the row 88
INFO:root:Extracting the row 89
INFO:root:Extracting the row 90
INFO:root:Extracting the row 91
INFO:root:Extracting the row 92
INFO:root:Extracting the row 93
INFO:root:Extracting the row 94
INFO:root:Extracting the row 95
INFO:root:Extracting the row 96
INFO:root:Extracting the row 97
INFO:root:Extracting the row 98
INFO:root:Extracting the row 99
INFO:root: =========================== Process started in Mon, 12 Feb 2018 17:48:45 +0000 =========================== 
INFO:root:
 --- Initialization ---
INFO:root:
 --- Loading configs from .ini file --- 

INFO:root:Configuration path: ../..\settings\queryCreator.ini
INFO:root: ---------- Exported properties ---------- 
INFO:root:	 Query type: INSERT INTO
INFO:root:	 Table name: translation_competitors
INFO:root:	 First Insert code: (sport,loca_id,long_name,english_name)
INFO:root:	 Localization code: 23
INFO:root:	 Output folder: output
INFO:root:	 Source folder: res
INFO:root:	 filename: CsvFile2.csv
INFO:root:------------------------------------------ 
INFO:root:Selected output directory:../..\output
INFO:root:Path of the written file path:../..\output\Inserts20180212174845.txt
INFO:root: =========================== Process started in Mon, 12 Feb 2018 17:51:27 +0000 =========================== 
INFO:root:
 --- Initialization ---
INFO:root:
 --- Loading configs from .ini file --- 

INFO:root:Configuration path: ../..\settings\queryCreator.ini
INFO:root: ---------- Exported properties ---------- 
INFO:root:	 Query type: INSERT INTO
INFO:root:	 Table name: translation_competitors
INFO:root:	 First Insert code: (sport,loca_id,long_name,english_name)
INFO:root:	 Localization code: 23
INFO:root:	 Output folder: output
INFO:root:	 Source folder: res
INFO:root:	 filename: CsvFile2.csv
INFO:root:------------------------------------------ 
INFO:root:Selected output directory:../..\output
INFO:root:Path of the written file path:../..\output\Inserts20180212175127.txt
INFO:root: =========================== Process started in Mon, 12 Feb 2018 17:52:17 +0000 =========================== 
INFO:root:
 --- Initialization ---
INFO:root:
 --- Loading configs from .ini file --- 

INFO:root:Configuration path: ../..\settings\queryCreator.ini
INFO:root: ---------- Exported properties ---------- 
INFO:root:	 Query type: INSERT INTO
INFO:root:	 Table name: translation_competitors
INFO:root:	 First Insert code: (sport,loca_id,long_name,english_name)
INFO:root:	 Localization code: 23
INFO:root:	 Output folder: output
INFO:root:	 Source folder: res
INFO:root:	 filename: CsvFile2.csv
INFO:root:------------------------------------------ 
INFO:root:Selected output directory:../..\output
INFO:root:Path of the written file path:../..\output\Inserts20180212175217.txt
INFO:root: =========================== Process started in Mon, 12 Feb 2018 17:53:17 +0000 =========================== 
INFO:root:
 --- Initialization ---
INFO:root:
 --- Loading configs from .ini file --- 

INFO:root:Configuration path: ../..\settings\queryCreator.ini
INFO:root: ---------- Exported properties ---------- 
INFO:root:	 Query type: INSERT INTO
INFO:root:	 Table name: translation_competitors
INFO:root:	 First Insert code: (sport,loca_id,long_name,english_name)
INFO:root:	 Localization code: 23
INFO:root:	 Output folder: output
INFO:root:	 Source folder: res
INFO:root:	 filename: CsvFile2.csv
INFO:root:------------------------------------------ 
INFO:root:Selected output directory:../..\output
INFO:root:Path of the written file path:../..\output\Inserts20180212175317.txt
INFO:root: =========================== Process started in Mon, 12 Feb 2018 17:54:08 +0000 =========================== 
INFO:root:
 --- Initialization ---
INFO:root:
 --- Loading configs from .ini file --- 

INFO:root:Configuration path: ../..\settings\queryCreator.ini
INFO:root: ---------- Exported properties ---------- 
INFO:root:	 Query type: INSERT INTO
INFO:root:	 Table name: translation_competitors
INFO:root:	 First Insert code: (sport,loca_id,long_name,english_name)
INFO:root:	 Localization code: 23
INFO:root:	 Output folder: output
INFO:root:	 Source folder: res
INFO:root:	 filename: CsvFile2.csv
INFO:root:------------------------------------------ 
INFO:root:Selected output directory:../..\output
INFO:root:Path of the written file path:../..\output\Inserts20180212175408.txt
INFO:root:Extracting the row 1
INFO:root:Extracting the row 2
INFO:root:Extracting the row 3
INFO:root:Extracting the row 4
INFO:root:Extracting the row 5
INFO:root:Extracting the row 6
INFO:root:Extracting the row 7
INFO:root:Extracting the row 8
INFO:root:Extracting the row 9
INFO:root:Extracting the row 10
INFO:root:Extracting the row 11
INFO:root:Extracting the row 12
INFO:root:Extracting the row 13
INFO:root:Extracting the row 14
INFO:root:Extracting the row 15
INFO:root:Extracting the row 16
INFO:root:Extracting the row 17
INFO:root:Extracting the row 18
INFO:root:Extracting the row 19
INFO:root:Extracting the row 20
INFO:root:Extracting the row 21
INFO:root:Extracting the row 22
INFO:root:Extracting the row 23
INFO:root:Extracting the row 24
INFO:root:Extracting the row 25
INFO:root:Extracting the row 26
INFO:root:Extracting the row 27
INFO:root:Extracting the row 28
INFO:root:Extracting the row 29
INFO:root:Extracting the row 30
INFO:root:Extracting the row 31
INFO:root:Extracting the row 32
INFO:root:Extracting the row 33
INFO:root:Extracting the row 34
INFO:root:Extracting the row 35
INFO:root:Extracting the row 36
INFO:root:Extracting the row 37
INFO:root:Extracting the row 38
INFO:root:Extracting the row 39
INFO:root:Extracting the row 40
INFO:root:Extracting the row 41
INFO:root:Extracting the row 42
INFO:root:Extracting the row 43
INFO:root:Extracting the row 44
INFO:root:Extracting the row 45
INFO:root:Extracting the row 46
INFO:root:Extracting the row 47
INFO:root:Extracting the row 48
INFO:root:Extracting the row 49
INFO:root:Extracting the row 50
INFO:root:Extracting the row 51
INFO:root:Extracting the row 52
INFO:root:Extracting the row 53
INFO:root:Extracting the row 54
INFO:root:Extracting the row 55
INFO:root:Extracting the row 56
INFO:root:Extracting the row 57
INFO:root:Extracting the row 58
INFO:root:Extracting the row 59
INFO:root:Extracting the row 60
INFO:root:Extracting the row 61
INFO:root:Extracting the row 62
INFO:root:Extracting the row 63
INFO:root:Extracting the row 64
INFO:root:Extracting the row 65
INFO:root:Extracting the row 66
INFO:root:Extracting the row 67
INFO:root:Extracting the row 68
INFO:root:Extracting the row 69
INFO:root:Extracting the row 70
INFO:root:Extracting the row 71
INFO:root:Extracting the row 72
INFO:root:Extracting the row 73
INFO:root:Extracting the row 74
INFO:root:Extracting the row 75
INFO:root:Extracting the row 76
INFO:root:Extracting the row 77
INFO:root:Extracting the row 78
INFO:root:Extracting the row 79
INFO:root:Extracting the row 80
INFO:root:Extracting the row 81
INFO:root:Extracting the row 82
INFO:root:Extracting the row 83
INFO:root:Extracting the row 84
INFO:root:Extracting the row 85
INFO:root:Extracting the row 86
INFO:root:Extracting the row 87
INFO:root:Extracting the row 88
INFO:root:Extracting the row 89
INFO:root:Extracting the row 90
INFO:root:Extracting the row 91
INFO:root:Extracting the row 92
INFO:root:Extracting the row 93
INFO:root:Extracting the row 94
INFO:root:Extracting the row 95
INFO:root:Extracting the row 96
INFO:root:Extracting the row 97
INFO:root:Extracting the row 98
INFO:root:Extracting the row 99
INFO:root: =========================== Process started in Mon, 12 Feb 2018 17:57:17 +0000 =========================== 
INFO:root:
 --- Initialization ---
INFO:root:
 --- Loading configs from .ini file --- 

INFO:root:Configuration path: ../..\settings\queryCreator.ini
INFO:root: ---------- Exported properties ---------- 
INFO:root:	 Query type: INSERT INTO
INFO:root:	 Table name: translation_competitors
INFO:root:	 First Insert code: (sport,loca_id,long_name,english_name)
INFO:root:	 Localization code: 23
INFO:root:	 Output folder: output
INFO:root:	 Source folder: res
INFO:root:	 filename: CsvFile2.csv
INFO:root:------------------------------------------ 
INFO:root:Selected output directory:../..\output
INFO:root:Path of the written file path:../..\output\Inserts20180212175717.txt
INFO:root:Extracting the row 1
INFO:root:Extracting the row 2
INFO:root:Extracting the row 3
INFO:root:Extracting the row 4
INFO:root:Extracting the row 5
INFO:root:Extracting the row 6
INFO:root:Extracting the row 7
INFO:root:Extracting the row 8
INFO:root:Extracting the row 9
INFO:root:Extracting the row 10
INFO:root:Extracting the row 11
INFO:root:Extracting the row 12
INFO:root:Extracting the row 13
INFO:root:Extracting the row 14
INFO:root:Extracting the row 15
INFO:root:Extracting the row 16
INFO:root:Extracting the row 17
INFO:root:Extracting the row 18
INFO:root:Extracting the row 19
INFO:root:Extracting the row 20
INFO:root:Extracting the row 21
INFO:root:Extracting the row 22
INFO:root:Extracting the row 23
INFO:root:Extracting the row 24
INFO:root:Extracting the row 25
INFO:root:Extracting the row 26
INFO:root:Extracting the row 27
INFO:root:Extracting the row 28
INFO:root:Extracting the row 29
INFO:root:Extracting the row 30
INFO:root:Extracting the row 31
INFO:root:Extracting the row 32
INFO:root:Extracting the row 33
INFO:root:Extracting the row 34
INFO:root:Extracting the row 35
INFO:root:Extracting the row 36
INFO:root:Extracting the row 37
INFO:root:Extracting the row 38
INFO:root:Extracting the row 39
INFO:root:Extracting the row 40
INFO:root:Extracting the row 41
INFO:root:Extracting the row 42
INFO:root:Extracting the row 43
INFO:root:Extracting the row 44
INFO:root:Extracting the row 45
INFO:root:Extracting the row 46
INFO:root:Extracting the row 47
INFO:root:Extracting the row 48
INFO:root:Extracting the row 49
INFO:root:Extracting the row 50
INFO:root:Extracting the row 51
INFO:root:Extracting the row 52
INFO:root:Extracting the row 53
INFO:root:Extracting the row 54
INFO:root:Extracting the row 55
INFO:root:Extracting the row 56
INFO:root:Extracting the row 57
INFO:root:Extracting the row 58
INFO:root:Extracting the row 59
INFO:root:Extracting the row 60
INFO:root:Extracting the row 61
INFO:root:Extracting the row 62
INFO:root:Extracting the row 63
INFO:root:Extracting the row 64
INFO:root:Extracting the row 65
INFO:root:Extracting the row 66
INFO:root:Extracting the row 67
INFO:root:Extracting the row 68
INFO:root:Extracting the row 69
INFO:root:Extracting the row 70
INFO:root:Extracting the row 71
INFO:root:Extracting the row 72
INFO:root:Extracting the row 73
INFO:root:Extracting the row 74
INFO:root:Extracting the row 75
INFO:root:Extracting the row 76
INFO:root:Extracting the row 77
INFO:root:Extracting the row 78
INFO:root:Extracting the row 79
INFO:root:Extracting the row 80
INFO:root:Extracting the row 81
INFO:root:Extracting the row 82
INFO:root:Extracting the row 83
INFO:root:Extracting the row 84
INFO:root:Extracting the row 85
INFO:root:Extracting the row 86
INFO:root:Extracting the row 87
INFO:root:Extracting the row 88
INFO:root:Extracting the row 89
INFO:root:Extracting the row 90
INFO:root:Extracting the row 91
INFO:root:Extracting the row 92
INFO:root:Extracting the row 93
INFO:root:Extracting the row 94
INFO:root:Extracting the row 95
INFO:root:Extracting the row 96
INFO:root:Extracting the row 97
INFO:root:Extracting the row 98
INFO:root:Extracting the row 99
INFO:root: =========================== Process started in Mon, 12 Feb 2018 17:58:06 +0000 =========================== 
INFO:root:
 --- Initialization ---
INFO:root:
 --- Loading configs from .ini file --- 

INFO:root:Configuration path: ../..\settings\queryCreator.ini
INFO:root: ---------- Exported properties ---------- 
INFO:root:	 Query type: INSERT INTO
INFO:root:	 Table name: translation_competitors
INFO:root:	 First Insert code: (sport,loca_id,long_name,english_name)
INFO:root:	 Localization code: 23
INFO:root:	 Output folder: output
INFO:root:	 Source folder: res
INFO:root:	 filename: CsvFile2.csv
INFO:root:------------------------------------------ 
INFO:root:Selected output directory:../..\output
INFO:root:Path of the written file path:../..\output\Inserts20180212175806.txt
INFO:root:Extracting the row 1
INFO:root:Extracting the row 2
INFO:root:Extracting the row 3
INFO:root:Extracting the row 4
INFO:root:Extracting the row 5
INFO:root:Extracting the row 6
INFO:root:Extracting the row 7
INFO:root:Extracting the row 8
INFO:root:Extracting the row 9
INFO:root:Extracting the row 10
INFO:root:Extracting the row 11
INFO:root:Extracting the row 12
INFO:root:Extracting the row 13
INFO:root:Extracting the row 14
INFO:root:Extracting the row 15
INFO:root:Extracting the row 16
INFO:root:Extracting the row 17
INFO:root:Extracting the row 18
INFO:root:Extracting the row 19
INFO:root:Extracting the row 20
INFO:root:Extracting the row 21
INFO:root:Extracting the row 22
INFO:root:Extracting the row 23
INFO:root:Extracting the row 24
INFO:root:Extracting the row 25
INFO:root:Extracting the row 26
INFO:root:Extracting the row 27
INFO:root:Extracting the row 28
INFO:root:Extracting the row 29
INFO:root:Extracting the row 30
INFO:root:Extracting the row 31
INFO:root:Extracting the row 32
INFO:root:Extracting the row 33
INFO:root:Extracting the row 34
INFO:root:Extracting the row 35
INFO:root:Extracting the row 36
INFO:root:Extracting the row 37
INFO:root:Extracting the row 38
INFO:root:Extracting the row 39
INFO:root:Extracting the row 40
INFO:root:Extracting the row 41
INFO:root:Extracting the row 42
INFO:root:Extracting the row 43
INFO:root:Extracting the row 44
INFO:root:Extracting the row 45
INFO:root:Extracting the row 46
INFO:root:Extracting the row 47
INFO:root:Extracting the row 48
INFO:root:Extracting the row 49
INFO:root:Extracting the row 50
INFO:root:Extracting the row 51
INFO:root:Extracting the row 52
INFO:root:Extracting the row 53
INFO:root:Extracting the row 54
INFO:root:Extracting the row 55
INFO:root:Extracting the row 56
INFO:root:Extracting the row 57
INFO:root:Extracting the row 58
INFO:root:Extracting the row 59
INFO:root:Extracting the row 60
INFO:root:Extracting the row 61
INFO:root:Extracting the row 62
INFO:root:Extracting the row 63
INFO:root:Extracting the row 64
INFO:root:Extracting the row 65
INFO:root:Extracting the row 66
INFO:root:Extracting the row 67
INFO:root:Extracting the row 68
INFO:root:Extracting the row 69
INFO:root:Extracting the row 70
INFO:root:Extracting the row 71
INFO:root:Extracting the row 72
INFO:root:Extracting the row 73
INFO:root:Extracting the row 74
INFO:root:Extracting the row 75
INFO:root:Extracting the row 76
INFO:root:Extracting the row 77
INFO:root:Extracting the row 78
INFO:root:Extracting the row 79
INFO:root:Extracting the row 80
INFO:root:Extracting the row 81
INFO:root:Extracting the row 82
INFO:root:Extracting the row 83
INFO:root:Extracting the row 84
INFO:root:Extracting the row 85
INFO:root:Extracting the row 86
INFO:root:Extracting the row 87
INFO:root:Extracting the row 88
INFO:root:Extracting the row 89
INFO:root:Extracting the row 90
INFO:root:Extracting the row 91
INFO:root:Extracting the row 92
INFO:root:Extracting the row 93
INFO:root:Extracting the row 94
INFO:root:Extracting the row 95
INFO:root:Extracting the row 96
INFO:root:Extracting the row 97
INFO:root:Extracting the row 98
INFO:root:Extracting the row 99
INFO:root: =========================== Process started in Mon, 12 Feb 2018 17:58:07 +0000 =========================== 
INFO:root:
 --- Initialization ---
INFO:root:
 --- Loading configs from .ini file --- 

INFO:root:Configuration path: ../..\settings\queryCreator.ini
INFO:root: ---------- Exported properties ---------- 
INFO:root:	 Query type: INSERT INTO
INFO:root:	 Table name: translation_competitors
INFO:root:	 First Insert code: (sport,loca_id,long_name,english_name)
INFO:root:	 Localization code: 23
INFO:root:	 Output folder: output
INFO:root:	 Source folder: res
INFO:root:	 filename: CsvFile2.csv
INFO:root:------------------------------------------ 
INFO:root:Selected output directory:../..\output
INFO:root:Path of the written file path:../..\output\Inserts20180212175807.txt
INFO:root:Extracting the row 1
INFO:root:Extracting the row 2
INFO:root:Extracting the row 3
INFO:root:Extracting the row 4
INFO:root:Extracting the row 5
INFO:root:Extracting the row 6
INFO:root:Extracting the row 7
INFO:root:Extracting the row 8
INFO:root:Extracting the row 9
INFO:root:Extracting the row 10
INFO:root:Extracting the row 11
INFO:root:Extracting the row 12
INFO:root:Extracting the row 13
INFO:root:Extracting the row 14
INFO:root:Extracting the row 15
INFO:root:Extracting the row 16
INFO:root:Extracting the row 17
INFO:root:Extracting the row 18
INFO:root:Extracting the row 19
INFO:root:Extracting the row 20
INFO:root:Extracting the row 21
INFO:root:Extracting the row 22
INFO:root:Extracting the row 23
INFO:root:Extracting the row 24
INFO:root:Extracting the row 25
INFO:root:Extracting the row 26
INFO:root:Extracting the row 27
INFO:root:Extracting the row 28
INFO:root:Extracting the row 29
INFO:root:Extracting the row 30
INFO:root:Extracting the row 31
INFO:root:Extracting the row 32
INFO:root:Extracting the row 33
INFO:root:Extracting the row 34
INFO:root:Extracting the row 35
INFO:root:Extracting the row 36
INFO:root:Extracting the row 37
INFO:root:Extracting the row 38
INFO:root:Extracting the row 39
INFO:root:Extracting the row 40
INFO:root:Extracting the row 41
INFO:root:Extracting the row 42
INFO:root:Extracting the row 43
INFO:root:Extracting the row 44
INFO:root:Extracting the row 45
INFO:root:Extracting the row 46
INFO:root:Extracting the row 47
INFO:root:Extracting the row 48
INFO:root:Extracting the row 49
INFO:root:Extracting the row 50
INFO:root:Extracting the row 51
INFO:root:Extracting the row 52
INFO:root:Extracting the row 53
INFO:root:Extracting the row 54
INFO:root:Extracting the row 55
INFO:root:Extracting the row 56
INFO:root:Extracting the row 57
INFO:root:Extracting the row 58
INFO:root:Extracting the row 59
INFO:root:Extracting the row 60
INFO:root:Extracting the row 61
INFO:root:Extracting the row 62
INFO:root:Extracting the row 63
INFO:root:Extracting the row 64
INFO:root:Extracting the row 65
INFO:root:Extracting the row 66
INFO:root:Extracting the row 67
INFO:root:Extracting the row 68
INFO:root:Extracting the row 69
INFO:root:Extracting the row 70
INFO:root:Extracting the row 71
INFO:root:Extracting the row 72
INFO:root:Extracting the row 73
INFO:root:Extracting the row 74
INFO:root:Extracting the row 75
INFO:root:Extracting the row 76
INFO:root:Extracting the row 77
INFO:root:Extracting the row 78
INFO:root:Extracting the row 79
INFO:root:Extracting the row 80
INFO:root:Extracting the row 81
INFO:root:Extracting the row 82
INFO:root:Extracting the row 83
INFO:root:Extracting the row 84
INFO:root:Extracting the row 85
INFO:root:Extracting the row 86
INFO:root:Extracting the row 87
INFO:root:Extracting the row 88
INFO:root:Extracting the row 89
INFO:root:Extracting the row 90
INFO:root:Extracting the row 91
INFO:root:Extracting the row 92
INFO:root:Extracting the row 93
INFO:root:Extracting the row 94
INFO:root:Extracting the row 95
INFO:root:Extracting the row 96
INFO:root:Extracting the row 97
INFO:root:Extracting the row 98
INFO:root:Extracting the row 99
INFO:root: =========================== Process started in Mon, 12 Feb 2018 17:58:11 +0000 =========================== 
INFO:root:
 --- Initialization ---
INFO:root:
 --- Loading configs from .ini file --- 

INFO:root:Configuration path: ../..\settings\queryCreator.ini
INFO:root: ---------- Exported properties ---------- 
INFO:root:	 Query type: INSERT INTO
INFO:root:	 Table name: translation_competitors
INFO:root:	 First Insert code: (sport,loca_id,long_name,english_name)
INFO:root:	 Localization code: 23
INFO:root:	 Output folder: output
INFO:root:	 Source folder: res
INFO:root:	 filename: CsvFile2.csv
INFO:root:------------------------------------------ 
INFO:root:Selected output directory:../..\output
INFO:root:Path of the written file path:../..\output\Inserts20180212175811.txt
INFO:root:Extracting the row 1
INFO:root:Extracting the row 2
INFO:root:Extracting the row 3
INFO:root:Extracting the row 4
INFO:root:Extracting the row 5
INFO:root:Extracting the row 6
INFO:root:Extracting the row 7
INFO:root:Extracting the row 8
INFO:root:Extracting the row 9
INFO:root:Extracting the row 10
INFO:root:Extracting the row 11
INFO:root:Extracting the row 12
INFO:root:Extracting the row 13
INFO:root:Extracting the row 14
INFO:root:Extracting the row 15
INFO:root:Extracting the row 16
INFO:root:Extracting the row 17
INFO:root:Extracting the row 18
INFO:root:Extracting the row 19
INFO:root:Extracting the row 20
INFO:root:Extracting the row 21
INFO:root:Extracting the row 22
INFO:root:Extracting the row 23
INFO:root:Extracting the row 24
INFO:root:Extracting the row 25
INFO:root:Extracting the row 26
INFO:root:Extracting the row 27
INFO:root:Extracting the row 28
INFO:root:Extracting the row 29
INFO:root:Extracting the row 30
INFO:root:Extracting the row 31
INFO:root:Extracting the row 32
INFO:root:Extracting the row 33
INFO:root:Extracting the row 34
INFO:root:Extracting the row 35
INFO:root:Extracting the row 36
INFO:root:Extracting the row 37
INFO:root:Extracting the row 38
INFO:root:Extracting the row 39
INFO:root:Extracting the row 40
INFO:root:Extracting the row 41
INFO:root:Extracting the row 42
INFO:root:Extracting the row 43
INFO:root:Extracting the row 44
INFO:root:Extracting the row 45
INFO:root:Extracting the row 46
INFO:root:Extracting the row 47
INFO:root:Extracting the row 48
INFO:root:Extracting the row 49
INFO:root:Extracting the row 50
INFO:root:Extracting the row 51
INFO:root:Extracting the row 52
INFO:root:Extracting the row 53
INFO:root:Extracting the row 54
INFO:root:Extracting the row 55
INFO:root:Extracting the row 56
INFO:root:Extracting the row 57
INFO:root:Extracting the row 58
INFO:root:Extracting the row 59
INFO:root:Extracting the row 60
INFO:root:Extracting the row 61
INFO:root:Extracting the row 62
INFO:root:Extracting the row 63
INFO:root:Extracting the row 64
INFO:root:Extracting the row 65
INFO:root:Extracting the row 66
INFO:root:Extracting the row 67
INFO:root:Extracting the row 68
INFO:root:Extracting the row 69
INFO:root:Extracting the row 70
INFO:root:Extracting the row 71
INFO:root:Extracting the row 72
INFO:root:Extracting the row 73
INFO:root:Extracting the row 74
INFO:root:Extracting the row 75
INFO:root:Extracting the row 76
INFO:root:Extracting the row 77
INFO:root:Extracting the row 78
INFO:root:Extracting the row 79
INFO:root:Extracting the row 80
INFO:root:Extracting the row 81
INFO:root:Extracting the row 82
INFO:root:Extracting the row 83
INFO:root:Extracting the row 84
INFO:root:Extracting the row 85
INFO:root:Extracting the row 86
INFO:root:Extracting the row 87
INFO:root:Extracting the row 88
INFO:root:Extracting the row 89
INFO:root:Extracting the row 90
INFO:root:Extracting the row 91
INFO:root:Extracting the row 92
INFO:root:Extracting the row 93
INFO:root:Extracting the row 94
INFO:root:Extracting the row 95
INFO:root:Extracting the row 96
INFO:root:Extracting the row 97
INFO:root:Extracting the row 98
INFO:root:Extracting the row 99
INFO:root: =========================== Process started in Mon, 12 Feb 2018 18:00:00 +0000 =========================== 
INFO:root:
 --- Initialization ---
INFO:root:
 --- Loading configs from .ini file --- 

INFO:root:Configuration path: ../..\settings\queryCreator.ini
INFO:root: ---------- Exported properties ---------- 
INFO:root:	 Query type: INSERT INTO
INFO:root:	 Table name: translation_competitors
INFO:root:	 First Insert code: (sport,loca_id,long_name,english_name)
INFO:root:	 Localization code: 23
INFO:root:	 Output folder: output
INFO:root:	 Source folder: res
INFO:root:	 filename: CsvFile2.csv
INFO:root:------------------------------------------ 
INFO:root:Selected output directory:../..\output
INFO:root:Path of the written file path:../..\output\Inserts20180212180000.txt
INFO:root:Extracting the row 1
INFO:root:Extracting the row 2
INFO:root:Extracting the row 3
INFO:root:Extracting the row 4
INFO:root:Extracting the row 5
INFO:root:Extracting the row 6
INFO:root:Extracting the row 7
INFO:root:Extracting the row 8
INFO:root:Extracting the row 9
INFO:root:Extracting the row 10
INFO:root:Extracting the row 11
INFO:root:Extracting the row 12
INFO:root:Extracting the row 13
INFO:root:Extracting the row 14
INFO:root:Extracting the row 15
INFO:root:Extracting the row 16
INFO:root:Extracting the row 17
INFO:root:Extracting the row 18
INFO:root:Extracting the row 19
INFO:root:Extracting the row 20
INFO:root:Extracting the row 21
INFO:root:Extracting the row 22
INFO:root:Extracting the row 23
INFO:root:Extracting the row 24
INFO:root:Extracting the row 25
INFO:root:Extracting the row 26
INFO:root:Extracting the row 27
INFO:root:Extracting the row 28
INFO:root:Extracting the row 29
INFO:root:Extracting the row 30
INFO:root:Extracting the row 31
INFO:root:Extracting the row 32
INFO:root:Extracting the row 33
INFO:root:Extracting the row 34
INFO:root:Extracting the row 35
INFO:root:Extracting the row 36
INFO:root:Extracting the row 37
INFO:root:Extracting the row 38
INFO:root:Extracting the row 39
INFO:root:Extracting the row 40
INFO:root:Extracting the row 41
INFO:root:Extracting the row 42
INFO:root:Extracting the row 43
INFO:root:Extracting the row 44
INFO:root:Extracting the row 45
INFO:root:Extracting the row 46
INFO:root:Extracting the row 47
INFO:root:Extracting the row 48
INFO:root:Extracting the row 49
INFO:root:Extracting the row 50
INFO:root:Extracting the row 51
INFO:root:Extracting the row 52
INFO:root:Extracting the row 53
INFO:root:Extracting the row 54
INFO:root:Extracting the row 55
INFO:root:Extracting the row 56
INFO:root:Extracting the row 57
INFO:root:Extracting the row 58
INFO:root:Extracting the row 59
INFO:root:Extracting the row 60
INFO:root:Extracting the row 61
INFO:root:Extracting the row 62
INFO:root:Extracting the row 63
INFO:root:Extracting the row 64
INFO:root:Extracting the row 65
INFO:root:Extracting the row 66
INFO:root:Extracting the row 67
INFO:root:Extracting the row 68
INFO:root:Extracting the row 69
INFO:root:Extracting the row 70
INFO:root:Extracting the row 71
INFO:root:Extracting the row 72
INFO:root:Extracting the row 73
INFO:root:Extracting the row 74
INFO:root:Extracting the row 75
INFO:root:Extracting the row 76
INFO:root:Extracting the row 77
INFO:root:Extracting the row 78
INFO:root:Extracting the row 79
INFO:root:Extracting the row 80
INFO:root:Extracting the row 81
INFO:root:Extracting the row 82
INFO:root:Extracting the row 83
INFO:root:Extracting the row 84
INFO:root:Extracting the row 85
INFO:root:Extracting the row 86
INFO:root:Extracting the row 87
INFO:root:Extracting the row 88
INFO:root:Extracting the row 89
INFO:root:Extracting the row 90
INFO:root:Extracting the row 91
INFO:root:Extracting the row 92
INFO:root:Extracting the row 93
INFO:root:Extracting the row 94
INFO:root:Extracting the row 95
INFO:root:Extracting the row 96
INFO:root:Extracting the row 97
INFO:root:Extracting the row 98
INFO:root:Extracting the row 99
INFO:root: =========================== Process started in Mon, 12 Feb 2018 18:00:25 +0000 =========================== 
INFO:root:
 --- Initialization ---
INFO:root:
 --- Loading configs from .ini file --- 

INFO:root:Configuration path: ../..\settings\queryCreator.ini
INFO:root: ---------- Exported properties ---------- 
INFO:root:	 Query type: INSERT INTO
INFO:root:	 Table name: translation_competitors
INFO:root:	 First Insert code: (sport,loca_id,long_name,english_name)
INFO:root:	 Localization code: 23
INFO:root:	 Output folder: output
INFO:root:	 Source folder: res
INFO:root:	 filename: CsvFile2.csv
INFO:root:------------------------------------------ 
INFO:root:Selected output directory:../..\output
INFO:root:Path of the written file path:../..\output\Inserts20180212180025.txt
INFO:root:Extracting the row 1
INFO:root:Extracting the row 2
INFO:root:Extracting the row 3
INFO:root:Extracting the row 4
INFO:root:Extracting the row 5
INFO:root:Extracting the row 6
INFO:root:Extracting the row 7
INFO:root:Extracting the row 8
INFO:root:Extracting the row 9
INFO:root:Extracting the row 10
INFO:root:Extracting the row 11
INFO:root:Extracting the row 12
INFO:root:Extracting the row 13
INFO:root:Extracting the row 14
INFO:root:Extracting the row 15
INFO:root:Extracting the row 16
INFO:root:Extracting the row 17
INFO:root:Extracting the row 18
INFO:root:Extracting the row 19
INFO:root:Extracting the row 20
INFO:root:Extracting the row 21
INFO:root:Extracting the row 22
INFO:root:Extracting the row 23
INFO:root:Extracting the row 24
INFO:root:Extracting the row 25
INFO:root:Extracting the row 26
INFO:root:Extracting the row 27
INFO:root:Extracting the row 28
INFO:root:Extracting the row 29
INFO:root:Extracting the row 30
INFO:root:Extracting the row 31
INFO:root:Extracting the row 32
INFO:root:Extracting the row 33
INFO:root:Extracting the row 34
INFO:root:Extracting the row 35
INFO:root:Extracting the row 36
INFO:root:Extracting the row 37
INFO:root:Extracting the row 38
INFO:root:Extracting the row 39
INFO:root:Extracting the row 40
INFO:root:Extracting the row 41
INFO:root:Extracting the row 42
INFO:root:Extracting the row 43
INFO:root:Extracting the row 44
INFO:root:Extracting the row 45
INFO:root:Extracting the row 46
INFO:root:Extracting the row 47
INFO:root:Extracting the row 48
INFO:root:Extracting the row 49
INFO:root:Extracting the row 50
INFO:root:Extracting the row 51
INFO:root:Extracting the row 52
INFO:root:Extracting the row 53
INFO:root:Extracting the row 54
INFO:root:Extracting the row 55
INFO:root:Extracting the row 56
INFO:root:Extracting the row 57
INFO:root:Extracting the row 58
INFO:root:Extracting the row 59
INFO:root:Extracting the row 60
INFO:root:Extracting the row 61
INFO:root:Extracting the row 62
INFO:root:Extracting the row 63
INFO:root:Extracting the row 64
INFO:root:Extracting the row 65
INFO:root:Extracting the row 66
INFO:root:Extracting the row 67
INFO:root:Extracting the row 68
INFO:root:Extracting the row 69
INFO:root:Extracting the row 70
INFO:root:Extracting the row 71
INFO:root:Extracting the row 72
INFO:root:Extracting the row 73
INFO:root:Extracting the row 74
INFO:root:Extracting the row 75
INFO:root:Extracting the row 76
INFO:root:Extracting the row 77
INFO:root:Extracting the row 78
INFO:root:Extracting the row 79
INFO:root:Extracting the row 80
INFO:root:Extracting the row 81
INFO:root:Extracting the row 82
INFO:root:Extracting the row 83
INFO:root:Extracting the row 84
INFO:root:Extracting the row 85
INFO:root:Extracting the row 86
INFO:root:Extracting the row 87
INFO:root:Extracting the row 88
INFO:root:Extracting the row 89
INFO:root:Extracting the row 90
INFO:root:Extracting the row 91
INFO:root:Extracting the row 92
INFO:root:Extracting the row 93
INFO:root:Extracting the row 94
INFO:root:Extracting the row 95
INFO:root:Extracting the row 96
INFO:root:Extracting the row 97
INFO:root:Extracting the row 98
INFO:root:Extracting the row 99
INFO:root: =========================== Process started in Mon, 12 Feb 2018 18:00:38 +0000 =========================== 
INFO:root:
 --- Initialization ---
INFO:root:
 --- Loading configs from .ini file --- 

INFO:root:Configuration path: ../..\settings\queryCreator.ini
INFO:root: ---------- Exported properties ---------- 
INFO:root:	 Query type: INSERT INTO
INFO:root:	 Table name: translation_competitors
INFO:root:	 First Insert code: (sport,loca_id,long_name,english_name)
INFO:root:	 Localization code: 23
INFO:root:	 Output folder: output
INFO:root:	 Source folder: res
INFO:root:	 filename: CsvFile2.csv
INFO:root:------------------------------------------ 
INFO:root:Selected output directory:../..\output
INFO:root:Path of the written file path:../..\output\Inserts20180212180038.txt
INFO:root:Extracting the row 1
INFO:root:Extracting the row 2
INFO:root:Extracting the row 3
INFO:root:Extracting the row 4
INFO:root:Extracting the row 5
INFO:root:Extracting the row 6
INFO:root:Extracting the row 7
INFO:root:Extracting the row 8
INFO:root:Extracting the row 9
INFO:root:Extracting the row 10
INFO:root:Extracting the row 11
INFO:root:Extracting the row 12
INFO:root:Extracting the row 13
INFO:root:Extracting the row 14
INFO:root:Extracting the row 15
INFO:root:Extracting the row 16
INFO:root:Extracting the row 17
INFO:root:Extracting the row 18
INFO:root:Extracting the row 19
INFO:root:Extracting the row 20
INFO:root:Extracting the row 21
INFO:root:Extracting the row 22
INFO:root:Extracting the row 23
INFO:root:Extracting the row 24
INFO:root:Extracting the row 25
INFO:root:Extracting the row 26
INFO:root:Extracting the row 27
INFO:root:Extracting the row 28
INFO:root:Extracting the row 29
INFO:root:Extracting the row 30
INFO:root:Extracting the row 31
INFO:root:Extracting the row 32
INFO:root:Extracting the row 33
INFO:root:Extracting the row 34
INFO:root:Extracting the row 35
INFO:root:Extracting the row 36
INFO:root:Extracting the row 37
INFO:root:Extracting the row 38
INFO:root:Extracting the row 39
INFO:root:Extracting the row 40
INFO:root:Extracting the row 41
INFO:root:Extracting the row 42
INFO:root:Extracting the row 43
INFO:root:Extracting the row 44
INFO:root:Extracting the row 45
INFO:root:Extracting the row 46
INFO:root:Extracting the row 47
INFO:root:Extracting the row 48
INFO:root:Extracting the row 49
INFO:root:Extracting the row 50
INFO:root:Extracting the row 51
INFO:root:Extracting the row 52
INFO:root:Extracting the row 53
INFO:root:Extracting the row 54
INFO:root:Extracting the row 55
INFO:root:Extracting the row 56
INFO:root:Extracting the row 57
INFO:root:Extracting the row 58
INFO:root:Extracting the row 59
INFO:root:Extracting the row 60
INFO:root:Extracting the row 61
INFO:root:Extracting the row 62
INFO:root:Extracting the row 63
INFO:root:Extracting the row 64
INFO:root:Extracting the row 65
INFO:root:Extracting the row 66
INFO:root:Extracting the row 67
INFO:root:Extracting the row 68
INFO:root:Extracting the row 69
INFO:root:Extracting the row 70
INFO:root:Extracting the row 71
INFO:root:Extracting the row 72
INFO:root:Extracting the row 73
INFO:root:Extracting the row 74
INFO:root:Extracting the row 75
INFO:root:Extracting the row 76
INFO:root:Extracting the row 77
INFO:root:Extracting the row 78
INFO:root:Extracting the row 79
INFO:root:Extracting the row 80
INFO:root:Extracting the row 81
INFO:root:Extracting the row 82
INFO:root:Extracting the row 83
INFO:root:Extracting the row 84
INFO:root:Extracting the row 85
INFO:root:Extracting the row 86
INFO:root:Extracting the row 87
INFO:root:Extracting the row 88
INFO:root:Extracting the row 89
INFO:root:Extracting the row 90
INFO:root:Extracting the row 91
INFO:root:Extracting the row 92
INFO:root:Extracting the row 93
INFO:root:Extracting the row 94
INFO:root:Extracting the row 95
INFO:root:Extracting the row 96
INFO:root:Extracting the row 97
INFO:root:Extracting the row 98
INFO:root:Extracting the row 99
